Время вызова функции hello_world - 2023-07-23 18:06:22.368475
Аргументы позиционные: ()
Аргументы именованные: {}
Результат: Hello World
Время вызова функции summator - 2023-07-23 18:06:22.369476
Аргументы позиционные: (2, 2)
Аргументы именованные: {}
Результат: 4
Время вызова функции div - 2023-07-23 18:06:22.369476
Аргументы позиционные: (6, 2)
Аргументы именованные: {}
Результат: 3.0
Время вызова функции summator - 2023-07-23 18:06:22.370476
Аргументы позиционные: (4.3,)
Аргументы именованные: {'b': 2.2}
Результат: 6.5
Время вызова функции summator - 2023-07-23 18:06:22.370476
Аргументы позиционные: ()
Аргументы именованные: {'a': 0, 'b': 0}
Результат: 0
